Determining if the pthread_create exist failed with the following output:
Change Dir: /home/kyle/ros/2dslam_ws/build/ros_arduino_python/CMakeFiles/CMakeTmp

Run Build Command:"/usr/bin/make" "cmTC_61528/fast"
/usr/bin/make -f CMakeFiles/cmTC_61528.dir/build.make CMakeFiles/cmTC_61528.dir/build
make[1]: Entering directory '/home/kyle/ros/2dslam_ws/build/ros_arduino_python/CMakeFiles/CMakeTmp'
Building C object CMakeFiles/cmTC_61528.dir/CheckSymbolExists.c.o
/usr/bin/cc    -o CMakeFiles/cmTC_61528.dir/CheckSymbolExists.c.o   -c /home/kyle/ros/2dslam_ws/build/ros_arduino_python/CMakeFiles/CMakeTmp/CheckSymbolExists.c
Linking C executable cmTC_61528
/usr/bin/cmake -E cmake_link_script CMakeFiles/cmTC_61528.dir/link.txt --verbose=1
/usr/bin/cc      -rdynamic CMakeFiles/cmTC_61528.dir/CheckSymbolExists.c.o  -o cmTC_61528 
CMakeFiles/cmTC_61528.dir/CheckSymbolExists.c.o: In function `main':
CheckSymbolExists.c:(.text+0x1b): undefined reference to `pthread_create'
collect2: error: ld returned 1 exit status
CMakeFiles/cmTC_61528.dir/build.make:97: recipe for target 'cmTC_61528' failed
make[1]: *** [cmTC_61528] Error 1
make[1]: Leaving directory '/home/kyle/ros/2dslam_ws/build/ros_arduino_python/CMakeFiles/CMakeTmp'
Makefile:126: recipe for target 'cmTC_61528/fast' failed
make: *** [cmTC_61528/fast] Error 2

File /home/kyle/ros/2dslam_ws/build/ros_arduino_python/CMakeFiles/CMakeTmp/CheckSymbolExists.c:
/* */
#include <pthread.h>

int main(int argc, char** argv)
{
  (void)argv;
#ifndef pthread_create
  return ((int*)(&pthread_create))[argc];
#else
  (void)argc;
  return 0;
#endif
}

Determining if the function pthread_create exists in the pthreads failed with the following output:
Change Dir: /home/kyle/ros/2dslam_ws/build/ros_arduino_python/CMakeFiles/CMakeTmp

Run Build Command:"/usr/bin/make" "cmTC_63fcc/fast"
/usr/bin/make -f CMakeFiles/cmTC_63fcc.dir/build.make CMakeFiles/cmTC_63fcc.dir/build
make[1]: Entering directory '/home/kyle/ros/2dslam_ws/build/ros_arduino_python/CMakeFiles/CMakeTmp'
Building C object CMakeFiles/cmTC_63fcc.dir/CheckFunctionExists.c.o
/usr/bin/cc   -DCHECK_FUNCTION_EXISTS=pthread_create   -o CMakeFiles/cmTC_63fcc.dir/CheckFunctionExists.c.o   -c /usr/share/cmake-3.10/Modules/CheckFunctionExists.c
Linking C executable cmTC_63fcc
/usr/bin/cmake -E cmake_link_script CMakeFiles/cmTC_63fcc.dir/link.txt --verbose=1
/usr/bin/cc  -DCHECK_FUNCTION_EXISTS=pthread_create    -rdynamic CMakeFiles/cmTC_63fcc.dir/CheckFunctionExists.c.o  -o cmTC_63fcc -lpthreads 
/usr/bin/ld: cannot find -lpthreads
collect2: error: ld returned 1 exit status
CMakeFiles/cmTC_63fcc.dir/build.make:97: recipe for target 'cmTC_63fcc' failed
make[1]: *** [cmTC_63fcc] Error 1
make[1]: Leaving directory '/home/kyle/ros/2dslam_ws/build/ros_arduino_python/CMakeFiles/CMakeTmp'
Makefile:126: recipe for target 'cmTC_63fcc/fast' failed
make: *** [cmTC_63fcc/fast] Error 2


